<?xml version="1.0" encoding="UTF-8"?>
<Site BuildName="(empty)"
	BuildStamp="20230516-0803-Experimental"
	Name="(empty)"
	Generator="ctest-3.26.3"
	CompilerName=""
	CompilerVersion=""
	OSName="Windows"
	Hostname="DESKTOP-4FENFC3"
	OSRelease=" Personal"
	OSVersion=" (Build 19045)"
	OSPlatform="AMD64"
	Is64Bits="1"
	VendorString="AuthenticAMD"
	VendorID="Advanced Micro Devices"
	FamilyID="15"
	ModelID="0"
	ProcessorCacheSize="64"
	NumberOfLogicalCPU="8"
	NumberOfPhysicalCPU="8"
	TotalVirtualMemory="18480"
	TotalPhysicalMemory="15792"
	LogicalProcessorsPerPhysical="1"
	ProcessorClockFrequency="1996"
	>
	<Testing>
		<StartDateTime>May 16 15:03 [NON-UTF-8-BYTE-0xD2][NON-UTF-8-BYTE-0xEE][NON-UTF-8-BYTE-0xEC][NON-UTF-8-BYTE-0xF1][NON-UTF-8-BYTE-0xEA] ([NON-UTF-8-BYTE-0xE7][NON-UTF-8-BYTE-0xE8][NON-UTF-8-BYTE-0xEC][NON-UTF-8-BYTE-0xE0])</StartDateTime>
		<StartTestTime>1684224209</StartTestTime>
		<TestList/>
		<EndDateTime>May 16 15:03 [NON-UTF-8-BYTE-0xD2][NON-UTF-8-BYTE-0xEE][NON-UTF-8-BYTE-0xEC][NON-UTF-8-BYTE-0xF1][NON-UTF-8-BYTE-0xEA] ([NON-UTF-8-BYTE-0xE7][NON-UTF-8-BYTE-0xE8][NON-UTF-8-BYTE-0xEC][NON-UTF-8-BYTE-0xE0])</EndDateTime>
		<EndTestTime>1684224209</EndTestTime>
		<ElapsedMinutes>0</ElapsedMinutes>
	</Testing>
</Site>
