15:12:28 **** Incremental Build of configuration Debug for project prj_ght_vent_3 ****
make -j8 all 
arm-none-eabi-gcc "C:/Rep/mexbiosdevelopmentstudio_ll_stm32cubeide/MexBiosDevelopmentStudio_LL_STM32CubeIDE/Libraries/STM32F4XX/boards/ght_vent_3/src/board_ght_vent_3.c" -mcpu=cortex-m4 -std=gnu11 -g3 -DDEBUG -DUSE_FULL_LL_DRIVER -DSTM32F405xx -DFLASH_MBS_CFG -DLM_IQ_MATH -DUSE_FULL_ASSERT -DGHT_VENT_3 -DMB1_MODE=MB_RTU_SLAVE -DMB1_ADR=1 -DMB1_PARITY=0 -DMB1_SPEED=1152 -DMB1_STOPBIT=1 -DMB2 -DMB2_ADR=2 -DMB2_SPEED=192 -DMB2_PARITY=2 -DMB2_STOPBIT=1 -DMB2_MODE=MB_RTU_SLAVE -DUSE_HAL_DRIVER -DMB_UNLOCK_LIB -c -I../.. -I../../mbs_drivers -I../Drivers/CMSIS/Include -I../../boards/ght_vent_3/inc -I../Drivers/STM32F4xx_HAL_Driver/Inc -I../Core/Inc -I../Drivers/CMSIS/Device/ST/STM32F4xx/Include -I../. -I../../../Common -I../Drivers/STM32F4xx_HAL_Driver/Inc/Legacy -O0 -ffunction-sections -fdata-sections -Wall -fstack-usage -fcyclomatic-complexity -MMD -MP -MF"src/board_ght_vent_3.d" -MT"src/board_ght_vent_3.o" --specs=nano.specs -mfpu=fpv4-sp-d16 -mfloat-abi=hard -mthumb -o "src/board_ght_vent_3.o"
arm-none-eabi-gcc "C:/Rep/mexbiosdevelopmentstudio_ll_stm32cubeide/MexBiosDevelopmentStudio_LL_STM32CubeIDE/Libraries/STM32F4XX/boards/ght_vent_3/src/mainc.c" -mcpu=cortex-m4 -std=gnu11 -g3 -DDEBUG -DUSE_FULL_LL_DRIVER -DSTM32F405xx -DFLASH_MBS_CFG -DLM_IQ_MATH -DUSE_FULL_ASSERT -DGHT_VENT_3 -DMB1_MODE=MB_RTU_SLAVE -DMB1_ADR=1 -DMB1_PARITY=0 -DMB1_SPEED=1152 -DMB1_STOPBIT=1 -DMB2 -DMB2_ADR=2 -DMB2_SPEED=192 -DMB2_PARITY=2 -DMB2_STOPBIT=1 -DMB2_MODE=MB_RTU_SLAVE -DUSE_HAL_DRIVER -DMB_UNLOCK_LIB -c -I../.. -I../../mbs_drivers -I../Drivers/CMSIS/Include -I../../boards/ght_vent_3/inc -I../Drivers/STM32F4xx_HAL_Driver/Inc -I../Core/Inc -I../Drivers/CMSIS/Device/ST/STM32F4xx/Include -I../. -I../../../Common -I../Drivers/STM32F4xx_HAL_Driver/Inc/Legacy -O0 -ffunction-sections -fdata-sections -Wall -fstack-usage -fcyclomatic-complexity -MMD -MP -MF"src/mainc.d" -MT"src/mainc.o" --specs=nano.specs -mfpu=fpv4-sp-d16 -mfloat-abi=hard -mthumb -o "src/mainc.o"
arm-none-eabi-gcc "C:/Rep/mexbiosdevelopmentstudio_ll_stm32cubeide/MexBiosDevelopmentStudio_LL_STM32CubeIDE/Libraries/STM32F4XX/boards/ght_vent_3/src/mbs_main.c" -mcpu=cortex-m4 -std=gnu11 -g3 -DDEBUG -DUSE_FULL_LL_DRIVER -DSTM32F405xx -DFLASH_MBS_CFG -DLM_IQ_MATH -DUSE_FULL_ASSERT -DGHT_VENT_3 -DMB1_MODE=MB_RTU_SLAVE -DMB1_ADR=1 -DMB1_PARITY=0 -DMB1_SPEED=1152 -DMB1_STOPBIT=1 -DMB2 -DMB2_ADR=2 -DMB2_SPEED=192 -DMB2_PARITY=2 -DMB2_STOPBIT=1 -DMB2_MODE=MB_RTU_SLAVE -DUSE_HAL_DRIVER -DMB_UNLOCK_LIB -c -I../.. -I../../mbs_drivers -I../Drivers/CMSIS/Include -I../../boards/ght_vent_3/inc -I../Drivers/STM32F4xx_HAL_Driver/Inc -I../Core/Inc -I../Drivers/CMSIS/Device/ST/STM32F4xx/Include -I../. -I../../../Common -I../Drivers/STM32F4xx_HAL_Driver/Inc/Legacy -O0 -ffunction-sections -fdata-sections -Wall -fstack-usage -fcyclomatic-complexity -MMD -MP -MF"src/mbs_main.d" -MT"src/mbs_main.o" --specs=nano.specs -mfpu=fpv4-sp-d16 -mfloat-abi=hard -mthumb -o "src/mbs_main.o"
C:/Rep/mexbiosdevelopmentstudio_ll_stm32cubeide/MexBiosDevelopmentStudio_LL_STM32CubeIDE/Libraries/STM32F4XX/boards/ght_vent_3/src/mainc.c: In function 'main':
C:/Rep/mexbiosdevelopmentstudio_ll_stm32cubeide/MexBiosDevelopmentStudio_LL_STM32CubeIDE/Libraries/STM32F4XX/boards/ght_vent_3/src/mainc.c:4:4: warning: implicit declaration of function 'HAL_Init' [-Wimplicit-function-declaration]
    4 |    HAL_Init();
      |    ^~~~~~~~
C:/Rep/mexbiosdevelopmentstudio_ll_stm32cubeide/MexBiosDevelopmentStudio_LL_STM32CubeIDE/Libraries/STM32F4XX/boards/ght_vent_3/src/mainc.c:5:4: warning: implicit declaration of function 'SystemClock_Config' [-Wimplicit-function-declaration]
    5 |    SystemClock_Config();
      |    ^~~~~~~~~~~~~~~~~~
C:/Rep/mexbiosdevelopmentstudio_ll_stm32cubeide/MexBiosDevelopmentStudio_LL_STM32CubeIDE/Libraries/STM32F4XX/boards/ght_vent_3/src/mainc.c:8:10: warning: unused variable 'z' [-Wunused-variable]
    8 |     long z = x+b;
      |          ^
arm-none-eabi-gcc -o "prj_ght_vent_3.elf" @"objects.list"   -mcpu=cortex-m4 -T"C:\Rep\mexbiosdevelopmentstudio_ll_stm32cubeide\MexBiosDevelopmentStudio_LL_STM32CubeIDE\Libraries\STM32F4XX\prj_ght_vent_3\STM32F405RGTX_FLASH.ld" --specs=nosys.specs -Wl,-Map="prj_ght_vent_3.map" -Wl,--gc-sections -static ../../libSTM32F4XX.a ../../libkernel_m4f.a ../../libuip_m4f.a ../../libIQmathLib-cm4f.a --specs=nano.specs -mfpu=fpv4-sp-d16 -mfloat-abi=hard -mthumb -Wl,--start-group -lc -lm -Wl,--end-group
c:\st\stm32cubeide_1.10.1\stm32cubeide\plugins\com.st.stm32cube.ide.mcu.externaltools.gnu-tools-for-stm32.10.3-2021.10.win32_1.0.200.202301161003\tools\arm-none-eabi\bin\ld.exe: ./src/mbs_main.o: in function `main':
C:/Rep/mexbiosdevelopmentstudio_ll_stm32cubeide/MexBiosDevelopmentStudio_LL_STM32CubeIDE/Libraries/STM32F4XX/boards/ght_vent_3/src/mbs_main.c:70: multiple definition of `main'; ./src/mainc.o:C:/Rep/mexbiosdevelopmentstudio_ll_stm32cubeide/MexBiosDevelopmentStudio_LL_STM32CubeIDE/Libraries/STM32F4XX/boards/ght_vent_3/src/mainc.c:3: first defined here
collect2.exe: error: ld returned 1 exit status
make: *** [makefile:69: prj_ght_vent_3.elf] Error 1
"make -j8 all" terminated with exit code 2. Build might be incomplete.

15:12:29 Build Failed. 3 errors, 3 warnings. (took 1s.320ms)

