<?xml version="1.0" encoding="UTF-8"?>
<robot generator="Robot 6.0.2 (Python 3.11.5 on win32)" generated="20230912 15:49:19.650" rpa="false" schemaversion="3">
<suite id="s1" name="Gcc Make" source="C:\Users\Timofey\Documents\Projects\gcc_make">
<suite id="s1-s1" name="Sources" source="C:\Users\Timofey\Documents\Projects\gcc_make\Sources">
<suite id="s1-s1-s1" name="Renode Test" source="C:\Users\Timofey\Documents\Projects\gcc_make\Sources\renode_test">
<suite id="s1-s1-s1-s1" name="Test" source="C:\Users\Timofey\Documents\Projects\gcc_make\Sources\renode_test\test.robot">
<test id="s1-s1-s1-s1-t1" name="Compare Numbers" line="2">
<kw name="Set Variable" library="BuiltIn">
<var>${number1}</var>
<arg>10</arg>
<doc>Returns the given values which can then be assigned to a variables.</doc>
<msg timestamp="20230912 15:49:19.689" level="INFO">${number1} = 10</msg>
<status status="PASS" starttime="20230912 15:49:19.688" endtime="20230912 15:49:19.689"/>
</kw>
<kw name="Set Variable" library="BuiltIn">
<var>${number2}</var>
<arg>10</arg>
<doc>Returns the given values which can then be assigned to a variables.</doc>
<msg timestamp="20230912 15:49:19.690" level="INFO">${number2} = 10</msg>
<status status="PASS" starttime="20230912 15:49:19.690" endtime="20230912 15:49:19.690"/>
</kw>
<kw name="Should Be Equal As Integers" library="BuiltIn">
<arg>${number1}</arg>
<arg>${number2}</arg>
<doc>Fails if objects are unequal after converting them to integers.</doc>
<status status="PASS" starttime="20230912 15:49:19.690" endtime="20230912 15:49:19.690"/>
</kw>
<status status="PASS" starttime="20230912 15:49:19.688" endtime="20230912 15:49:19.690"/>
</test>
<status status="PASS" starttime="20230912 15:49:19.679" endtime="20230912 15:49:19.690"/>
</suite>
<status status="PASS" starttime="20230912 15:49:19.679" endtime="20230912 15:49:19.690"/>
</suite>
<status status="PASS" starttime="20230912 15:49:19.679" endtime="20230912 15:49:19.690"/>
</suite>
<status status="PASS" starttime="20230912 15:49:19.659" endtime="20230912 15:49:19.690"/>
</suite>
<statistics>
<total>
<stat pass="1" fail="0" skip="0">All Tests</stat>
</total>
<tag>
</tag>
<suite>
<stat pass="1" fail="0" skip="0" id="s1" name="Gcc Make">Gcc Make</stat>
<stat pass="1" fail="0" skip="0" id="s1-s1" name="Sources">Gcc Make.Sources</stat>
<stat pass="1" fail="0" skip="0" id="s1-s1-s1" name="Renode Test">Gcc Make.Sources.Renode Test</stat>
<stat pass="1" fail="0" skip="0" id="s1-s1-s1-s1" name="Test">Gcc Make.Sources.Renode Test.Test</stat>
</suite>
</statistics>
<errors>
</errors>
</robot>
